2022-11-07 19:24:25.548342: I C:\Users\anton\Documents\test\data\4562d4dca8070e28912d99587df9f77c\train_dataset.tsv - Loaded
2022-11-07 19:24:25.556321: I Test Fold 0
2022-11-07 19:24:26.771068: I Statistics	Users:	1398	Items:	2476	Transactions:	13515	Sparsity:	0.9960955646307557
2022-11-07 19:29:01.492137: I Training begun for Random\n
2022-11-07 19:29:01.493135: I Hyperparameters:
2022-11-07 19:29:01.493135: I meta set to namespace(hyper_max_evals='10', hyper_opt_alg='tpe', save_recs=True, save_weights=True, validation_metric='Precision@10', validation_rate=1, verbose=False)
2022-11-07 19:29:01.494132: I top_k set to 10
2022-11-07 19:29:01.495128: I save_weights set to true
2022-11-07 19:29:01.496133: I validation_metric set to Precision@10
2022-11-07 19:29:01.521058: I validation_rate set to 1
2022-11-07 19:29:01.522057: I hyper_opt_alg set to tpe
2022-11-07 19:29:01.522057: I hyper_max_evals set to 10
2022-11-07 19:29:01.523054: I Exploration: Test Fold exploration number 1
2022-11-07 19:29:01.524051: I Exploration: Train-Validation Fold exploration number 1
2022-11-07 19:29:01.627800: I 
2022-11-07 19:29:01.627800: I Test Evaluation results
2022-11-07 19:29:01.628776: I Cut-off: 10
2022-11-07 19:29:01.628776: I Eval Time: 0.027919530868530273
2022-11-07 19:29:01.628776: I Results
2022-11-07 19:29:01.628776: I Precision	0.00086
2022-11-07 19:29:01.677673: I Training ended for Random
2022-11-07 19:29:01.677673: I Loss:\t-0.0008583690987124463
2022-11-07 19:29:01.678639: I Best Model params:\t{'meta': namespace(hyper_max_evals='10', hyper_opt_alg='tpe', save_recs=True, save_weights=True, validation_metric='Precision@10', validation_rate=1, verbose=False), 'top_k': '10', 'save_weights': 'true', 'validation_metric': 'Precision@10', 'validation_rate': '1', 'hyper_opt_alg': 'tpe', 'hyper_max_evals': '10', 'name': 'Random_seed=42'}
2022-11-07 19:29:01.678639: I Best Model results:\t{10: {'Precision': 0.0008583690987124463}}
