2022-11-16 15:11:37.101800: I C:\Users\anton\Documents\test\data\3a5999fbaf320cfddee77f76bda270ff\train_dataset.tsv - Loaded
2022-11-16 15:11:37.110775: I Test Fold 0
2022-11-16 15:11:37.575497: I Statistics	Users:	1398	Items:	2476	Transactions:	13515	Sparsity:	0.9960955646307557
2022-11-16 15:11:54.150222: I Training begun for MostPop\n
2022-11-16 15:11:54.150222: I Hyperparameters:
2022-11-16 15:11:54.152254: I meta set to namespace(hyper_max_evals='10', hyper_opt_alg='tpe', save_recs=True, save_weights=True, validation_metric='Precision@10', validation_rate=1, verbose=False)
2022-11-16 15:11:54.160229: I loading_rec_model set to Unpersonalized Recommenders
2022-11-16 15:11:54.167178: I top_k set to 10
2022-11-16 15:11:54.167178: I save_weights set to true
2022-11-16 15:11:54.168174: I validation_metric set to Precision@10
2022-11-16 15:11:54.168174: I validation_rate set to 1
2022-11-16 15:11:54.168174: I hyper_opt_alg set to tpe
2022-11-16 15:11:54.168174: I hyper_max_evals set to 10
2022-11-16 15:11:54.168174: I Exploration: Test Fold exploration number 1
2022-11-16 15:11:54.168174: I Exploration: Train-Validation Fold exploration number 1
2022-11-16 15:11:54.171194: I 
2022-11-16 15:11:54.175189: I Test Evaluation results
2022-11-16 15:11:54.194138: I Cut-off: 10
2022-11-16 15:11:54.194138: I Eval Time: 0.007944345474243164
2022-11-16 15:11:54.194138: I Results
2022-11-16 15:11:54.196101: I Precision	0.02718
2022-11-16 15:11:54.196101: I Training ended for MostPop
2022-11-16 15:11:54.196101: I Loss:\t-0.027181688125894134
2022-11-16 15:11:54.196101: I Best Model params:\t{'meta': namespace(hyper_max_evals='10', hyper_opt_alg='tpe', save_recs=True, save_weights=True, validation_metric='Precision@10', validation_rate=1, verbose=False), 'loading_rec_model': 'Unpersonalized Recommenders', 'top_k': '10', 'save_weights': 'true', 'validation_metric': 'Precision@10', 'validation_rate': '1', 'hyper_opt_alg': 'tpe', 'hyper_max_evals': '10', 'name': 'MostPop'}
2022-11-16 15:11:54.196101: I Best Model results:\t{10: {'Precision': 0.027181688125894134}}
2022-11-16 15:11:54.197099: I Hyperparameters:
2022-11-16 15:11:54.198094: I meta set to namespace(hyper_max_evals='10', hyper_opt_alg='tpe', save_recs=True, save_weights=True, validation_metric='Precision@10', validation_rate=1, verbose=False)
2022-11-16 15:11:54.206107: I loading_rec_model set to Unpersonalized Recommenders
2022-11-16 15:11:54.213082: I top_k set to 10
2022-11-16 15:11:54.213082: I save_weights set to true
2022-11-16 15:11:54.213082: I validation_metric set to Precision@10
2022-11-16 15:11:54.213082: I validation_rate set to 1
2022-11-16 15:11:54.214051: I hyper_opt_alg set to tpe
2022-11-16 15:11:54.214051: I hyper_max_evals set to 10
2022-11-16 15:11:54.214051: I name set to MostPop
2022-11-16 15:11:54.214051: I Exploration: Test Fold exploration number 1
2022-11-16 15:11:54.214051: I Exploration: Train-Validation Fold exploration number 1
2022-11-16 15:11:54.214051: I 
2022-11-16 15:11:54.217076: I Test Evaluation results
2022-11-16 15:11:54.219065: I Cut-off: 10
2022-11-16 15:11:54.235993: I Eval Time: 0.005984067916870117
2022-11-16 15:11:54.238015: I Results
2022-11-16 15:11:54.239012: I Precision	0.02718
