2022-11-07 18:59:14.535322: I C:\Users\anton\Documents\test\data\9e5ca4e43064a2c4e684c02902bd8b72\train_dataset.tsv - Loaded
2022-11-07 18:59:14.545264: I Test Fold 0
2022-11-07 18:59:15.768021: I Statistics	Users:	1398	Items:	2476	Transactions:	13515	Sparsity:	0.9960955646307557
2022-11-07 18:59:21.153966: I Training begun for Random\n
2022-11-07 18:59:21.154953: I Hyperparameters:
2022-11-07 18:59:21.155950: I meta set to namespace(hyper_max_evals='10', hyper_opt_alg='tpe', save_recs=True, save_weights=True, validation_metric='Precision@10', validation_rate=1, verbose=False)
2022-11-07 18:59:21.155950: I top_k set to 10
2022-11-07 18:59:21.156948: I save_weights set to true
2022-11-07 18:59:21.156948: I validation_metric set to Precision@10
2022-11-07 18:59:21.156948: I validation_rate set to 1
2022-11-07 18:59:21.157945: I hyper_opt_alg set to tpe
2022-11-07 18:59:21.157945: I hyper_max_evals set to 10
2022-11-07 18:59:21.157945: I Exploration: Test Fold exploration number 1
2022-11-07 18:59:21.158942: I Exploration: Train-Validation Fold exploration number 1
2022-11-07 18:59:21.289593: I 
2022-11-07 18:59:21.290590: I Test Evaluation results
2022-11-07 18:59:21.290590: I Cut-off: 10
2022-11-07 18:59:21.291588: I Eval Time: 0.02593064308166504
2022-11-07 18:59:21.291588: I Results
2022-11-07 18:59:21.291588: I Precision	0.00086
